<?xml version="1.0" encoding="UTF-8"?>
<!-- Generated by org.testng.reporters.JUnitReportReporter -->
<testsuite hostname="LTIN496188" failures="0" tests="1" name="testCases.LoginTest" time="1.842" errors="0" timestamp="2025-09-02T12:31:31 IST" skipped="0">
  <testcase classname="testCases.LoginTest" name="testLogin" time="1.842"/>
  <system-out/>
</testsuite> <!-- testCases.LoginTest -->
