<?xml version="1.0" encoding="UTF-8"?>
<!-- Generated by org.testng.reporters.JUnitReportReporter -->
<testsuite hostname="LAPTOP-1DFEHDTV" failures="0" tests="1" name="testCases.AccountRegisterationTest" time="2.723" errors="0" timestamp="2025-09-02T18:29:27 IST" skipped="0">
  <testcase classname="testCases.AccountRegisterationTest" name="verify_account_registeration" time="2.723"/>
  <system-out/>
</testsuite> <!-- testCases.AccountRegisterationTest -->
