<?xml version="1.0" encoding="UTF-8"?>
<!-- Generated by org.testng.reporters.JUnitReportReporter -->
<testsuite hostname="LAPTOP-1DFEHDTV" failures="0" tests="1" name="testCases.LoginTest" time="4.373" errors="0" timestamp="2025-09-02T17:38:17 IST" skipped="0">
  <testcase classname="testCases.LoginTest" name="testLogin" time="4.373"/>
  <system-out/>
</testsuite> <!-- testCases.LoginTest -->
